<?xml version="1.0" encoding="UTF-8"?>
<!-- Generated by org.testng.reporters.JUnitReportReporter -->
<testsuite hostname="narayanan-PC" failures="0" tests="2" name="Academy.HomePageTest" time="61.535" errors="0" timestamp="3 Sep 2019 01:17:55 GMT">
  <testcase classname="Academy.HomePageTest" name="basePageNavigation" time="34.027"/>
  <testcase classname="Academy.HomePageTest" name="basePageNavigation" time="27.508"/>
</testsuite> <!-- Academy.HomePageTest -->
