<?xml version="1.0" encoding="UTF-8"?>
<!-- Generated by org.testng.reporters.JUnitReportReporter -->
<testsuite hostname="narayanan-PC" failures="0" tests="1" name="Academy.AppTest" time="0.004" errors="0" timestamp="3 Sep 2019 01:17:55 GMT">
  <testcase classname="Academy.AppTest" name="testApp" time="0.004"/>
</testsuite> <!-- Academy.AppTest -->
