<?xml version="1.0" encoding="UTF-8"?>
<!-- Generated by org.testng.reporters.JUnitReportReporter -->
<testsuite hostname="narayanan-PC" failures="0" tests="1" name="Academy.validateNavigationBar" time="0.471" errors="0" timestamp="30 Aug. 2019 19:46:11 GMT" skipped="0">
  <testcase classname="Academy.validateNavigationBar" name="validateAppNavBar" time="0.471"/>
</testsuite> <!-- Academy.validateNavigationBar -->
