<?xml version="1.0" encoding="UTF-8"?>
<!-- Generated by org.testng.reporters.JUnitReportReporter -->
<testsuite hostname="narayanan-PC" failures="0" tests="2" name="Academy.HomePage" time="59.396" errors="0" timestamp="30 Aug. 2019 19:46:11 GMT" skipped="0">
  <testcase classname="Academy.HomePage" name="basePageNavigation" time="43.853"/>
  <testcase classname="Academy.HomePage" name="basePageNavigation" time="15.543"/>
</testsuite> <!-- Academy.HomePage -->
