<?xml version="1.0" encoding="UTF-8"?>
<!-- Generated by org.testng.reporters.JUnitReportReporter -->
<testsuite hostname="narayanan-PC" failures="0" tests="1" name="Academy.HomePage2" time="0.018" errors="0" timestamp="07 Aug. 2019 20:59:44 GMT" skipped="0">
  <testcase classname="Academy.HomePage2" name="test" time="0.018"/>
</testsuite> <!-- Academy.HomePage2 -->
