<?xml version="1.0" encoding="UTF-8"?>
<!-- Generated by org.testng.reporters.JUnitReportReporter -->
<testsuite hostname="narayanan-PC" failures="0" tests="1" name="Academy.HomePageTest2" time="14.498" errors="0" timestamp="08 Aug. 2019 00:10:51 GMT" skipped="0">
  <testcase classname="Academy.HomePageTest2" name="navigateToLoginPage" time="14.498"/>
</testsuite> <!-- Academy.HomePageTest2 -->
